<?xml version="1.0" encoding="UTF-8"?>
<!-- Generated by org.testng.reporters.JUnitReportReporter -->
<testsuite hostname="Radhil_M_R" failures="0" tests="1" name="testscript.LoginTest" time="4.451" errors="0" timestamp="2025-02-19T08:29:52 IST" skipped="0">
  <testcase classname="testscript.LoginTest" name="verifyWhetherUserIsAbleLoginSuccessfullywithValidUsernameandValidPassword" time="4.451"/>
</testsuite> <!-- testscript.LoginTest -->
