<?xml version="1.0" encoding="UTF-8"?>
<!-- Generated by org.testng.reporters.JUnitReportReporter -->
<testsuite hostname="Radhil_M_R" failures="0" tests="2" name="testscript.AdminUserTest" time="6.414" errors="0" timestamp="2025-02-19T08:50:26 IST" skipped="0">
  <testcase classname="testscript.AdminUserTest" name="verifyAddingNewUserOnAdminUserPage" time="3.635"/>
  <testcase classname="testscript.AdminUserTest" name="verifySearchUserOnAdminUserPage" time="2.779"/>
</testsuite> <!-- testscript.AdminUserTest -->
