<?xml version="1.0" encoding="UTF-8"?>
<!-- Generated by org.testng.reporters.JUnitReportReporter -->
<testsuite hostname="Radhil_M_R" failures="0" tests="1" name="testscript.CategoryTest" time="4.628" errors="0" timestamp="2025-02-17T16:12:57 IST" skipped="0">
  <testcase classname="testscript.CategoryTest" name="verifyWhetherUserisAbleToSearchCategoryOnCategoryPageSuccessfully" time="4.628"/>
</testsuite> <!-- testscript.CategoryTest -->
